C51 COMPILER V9.00   ___出                                                              07/06/2017 11:49:36 PAGE 1   


C51 COMPILER V9.00, COMPILATION OF MODULE ___出
OBJECT MODULE PLACED IN 变化输出.OBJ
COMPILER INVOKED BY: C:\Keil\C51\BIN\C51.EXE 变化输出.c BROWSE DEBUG OBJECTEXTEND

line level    source

   1            #include <reg52.h>
   2           
   3           
   4            char s;
   5             int i;
   6          
   7             char xd1;
   8                                   void Init_Com(void)
   9          {
  10   1      TMOD = 0x20;
  11   1      PCON = 0x00;
  12   1      SCON = 0x50;
  13   1      TH1 = 0xFd;
  14   1      TL1 = 0xFd;
  15   1      TR1 = 1;
  16   1      }
  17          void delay(int t)
  18          {
  19   1      for(i=0;i<t;i++)
  20   1      {;;}
  21   1      }
  22          void main()
  23          {
  24   1      Init_Com();
  25   1      
  26   1      
  27   1      while(1)
  28   1      {
  29   2        
  30   2        s=P1;
  31   2        if(s!=P1)
  32   2        {
  33   3        SBUF=P1;
  34   3        s=P1;
  35   3        }
  36   2      
  37   2        
  38   2        delay(50);
  39   2      
  40   2      }
  41   1      
  42   1      }


MODULE INFORMATION:   STATIC OVERLAYABLE
   CODE SIZE        =     76    ----
   CONSTANT SIZE    =   ----    ----
   XDATA SIZE       =   ----    ----
   PDATA SIZE       =   ----    ----
   DATA SIZE        =      4    ----
   IDATA SIZE       =   ----    ----
   BIT SIZE         =   ----    ----
END OF MODULE INFORMATION.


C51 COMPILATION COMPLETE.  0 WARNING(S),  0 ERROR(S)
